CRITICAL - 2024-10-08 13:14:30 --> CodeIgniter\View\Exceptions\ViewException: Invalid file: "landing.php"
[Method: GET, Route: /]
in SYSTEMPATH\Exceptions\FrameworkException.php on line 41.
 1 SYSTEMPATH\View\View.php(222): CodeIgniter\Exceptions\FrameworkException::forInvalidFile('landing.php')
 2 SYSTEMPATH\Common.php(1171): CodeIgniter\View\View->render('landing', [], true)
 3 APPPATH\Controllers\Home.php(14): view('landing')
 4 SYSTEMPATH\CodeIgniter.php(933): App\Controllers\Home->landing()
 5 SYSTEMPATH\CodeIgniter.php(509): CodeIgniter\CodeIgniter->runController(Object(App\Controllers\Home))
 6 SYSTEMPATH\CodeIgniter.php(355): CodeIgniter\CodeIgniter->handleRequest(null, Object(Config\Cache), false)
 7 SYSTEMPATH\Boot.php(325): CodeIgniter\CodeIgniter->run()
 8 SYSTEMPATH\Boot.php(67): CodeIgniter\Boot::runCodeIgniter(Object(CodeIgniter\CodeIgniter))
 9 FCPATH\index.php(56): CodeIgniter\Boot::bootWeb(Object(Config\Paths))
CRITICAL - 2024-10-08 13:31:27 --> CodeIgniter\View\Exceptions\ViewException: Invalid file: "informationPage.php"
[Method: GET, Route: information]
in SYSTEMPATH\Exceptions\FrameworkException.php on line 41.
 1 SYSTEMPATH\View\View.php(222): CodeIgniter\Exceptions\FrameworkException::forInvalidFile('informationPage.php')
 2 SYSTEMPATH\Common.php(1171): CodeIgniter\View\View->render('informationPage', [], true)
 3 APPPATH\Controllers\Home.php(24): view('informationPage')
 4 SYSTEMPATH\CodeIgniter.php(933): App\Controllers\Home->information()
 5 SYSTEMPATH\CodeIgniter.php(509): CodeIgniter\CodeIgniter->runController(Object(App\Controllers\Home))
 6 SYSTEMPATH\CodeIgniter.php(355): CodeIgniter\CodeIgniter->handleRequest(null, Object(Config\Cache), false)
 7 SYSTEMPATH\Boot.php(325): CodeIgniter\CodeIgniter->run()
 8 SYSTEMPATH\Boot.php(67): CodeIgniter\Boot::runCodeIgniter(Object(CodeIgniter\CodeIgniter))
 9 FCPATH\index.php(56): CodeIgniter\Boot::bootWeb(Object(Config\Paths))
CRITICAL - 2024-10-08 13:33:17 --> CodeIgniter\View\Exceptions\ViewException: Invalid file: "informationPage.php"
[Method: GET, Route: information]
in SYSTEMPATH\Exceptions\FrameworkException.php on line 41.
 1 SYSTEMPATH\View\View.php(222): CodeIgniter\Exceptions\FrameworkException::forInvalidFile('informationPage.php')
 2 SYSTEMPATH\Common.php(1171): CodeIgniter\View\View->render('informationPage', [], true)
 3 APPPATH\Controllers\Home.php(24): view('informationPage')
 4 SYSTEMPATH\CodeIgniter.php(933): App\Controllers\Home->information()
 5 SYSTEMPATH\CodeIgniter.php(509): CodeIgniter\CodeIgniter->runController(Object(App\Controllers\Home))
 6 SYSTEMPATH\CodeIgniter.php(355): CodeIgniter\CodeIgniter->handleRequest(null, Object(Config\Cache), false)
 7 SYSTEMPATH\Boot.php(325): CodeIgniter\CodeIgniter->run()
 8 SYSTEMPATH\Boot.php(67): CodeIgniter\Boot::runCodeIgniter(Object(CodeIgniter\CodeIgniter))
 9 FCPATH\index.php(56): CodeIgniter\Boot::bootWeb(Object(Config\Paths))
CRITICAL - 2024-10-08 13:46:06 --> CodeIgniter\View\Exceptions\ViewException: Invalid file: "informationPage.php"
[Method: GET, Route: informationPage]
in SYSTEMPATH\Exceptions\FrameworkException.php on line 41.
 1 SYSTEMPATH\View\View.php(222): CodeIgniter\Exceptions\FrameworkException::forInvalidFile('informationPage.php')
 2 SYSTEMPATH\Common.php(1171): CodeIgniter\View\View->render('informationPage', [], true)
 3 APPPATH\Controllers\Home.php(24): view('informationPage')
 4 SYSTEMPATH\CodeIgniter.php(933): App\Controllers\Home->informationPage()
 5 SYSTEMPATH\CodeIgniter.php(509): CodeIgniter\CodeIgniter->runController(Object(App\Controllers\Home))
 6 SYSTEMPATH\CodeIgniter.php(355): CodeIgniter\CodeIgniter->handleRequest(null, Object(Config\Cache), false)
 7 SYSTEMPATH\Boot.php(325): CodeIgniter\CodeIgniter->run()
 8 SYSTEMPATH\Boot.php(67): CodeIgniter\Boot::runCodeIgniter(Object(CodeIgniter\CodeIgniter))
 9 FCPATH\index.php(56): CodeIgniter\Boot::bootWeb(Object(Config\Paths))
CRITICAL - 2024-10-08 13:46:24 --> CodeIgniter\View\Exceptions\ViewException: Invalid file: "informationPage.php"
[Method: GET, Route: informationPage]
in SYSTEMPATH\Exceptions\FrameworkException.php on line 41.
 1 SYSTEMPATH\View\View.php(222): CodeIgniter\Exceptions\FrameworkException::forInvalidFile('informationPage.php')
 2 SYSTEMPATH\Common.php(1171): CodeIgniter\View\View->render('informationPage', [], true)
 3 APPPATH\Controllers\Home.php(24): view('informationPage')
 4 SYSTEMPATH\CodeIgniter.php(933): App\Controllers\Home->informationPage()
 5 SYSTEMPATH\CodeIgniter.php(509): CodeIgniter\CodeIgniter->runController(Object(App\Controllers\Home))
 6 SYSTEMPATH\CodeIgniter.php(355): CodeIgniter\CodeIgniter->handleRequest(null, Object(Config\Cache), false)
 7 SYSTEMPATH\Boot.php(325): CodeIgniter\CodeIgniter->run()
 8 SYSTEMPATH\Boot.php(67): CodeIgniter\Boot::runCodeIgniter(Object(CodeIgniter\CodeIgniter))
 9 FCPATH\index.php(56): CodeIgniter\Boot::bootWeb(Object(Config\Paths))
