CRITICAL - 2024-10-15 12:59:32 --> CodeIgniter\View\Exceptions\ViewException: Invalid file: "components/landing/about_hero-section.php"
[Method: GET, Route: about]
in SYSTEMPATH\Exceptions\FrameworkException.php on line 41.
 1 SYSTEMPATH\View\View.php(222): CodeIgniter\Exceptions\FrameworkException::forInvalidFile('components/landing/about_hero-section.php')
 2 SYSTEMPATH\View\View.php(487): CodeIgniter\View\View->render('components/landing/about_hero-section', null, true)
 3 APPPATH\Views\aboutPage.php(5): CodeIgniter\View\View->include('components/landing/about_hero-section')
 4 SYSTEMPATH\View\View.php(234): include('C:\\xampp\\htdocs\\WST-TX32-A1-BUSTAMANTE\\app\\Views\\aboutPage.php')
 5 SYSTEMPATH\View\View.php(237): CodeIgniter\View\View->CodeIgniter\View\{closure}()
 6 SYSTEMPATH\Common.php(1171): CodeIgniter\View\View->render('aboutPage', [], true)
 7 APPPATH\Controllers\Home.php(19): view('aboutPage')
 8 SYSTEMPATH\CodeIgniter.php(933): App\Controllers\Home->about()
 9 SYSTEMPATH\CodeIgniter.php(509): CodeIgniter\CodeIgniter->runController(Object(App\Controllers\Home))
10 SYSTEMPATH\CodeIgniter.php(355): CodeIgniter\CodeIgniter->handleRequest(null, Object(Config\Cache), false)
11 SYSTEMPATH\Boot.php(325): CodeIgniter\CodeIgniter->run()
12 SYSTEMPATH\Boot.php(67): CodeIgniter\Boot::runCodeIgniter(Object(CodeIgniter\CodeIgniter))
13 FCPATH\index.php(56): CodeIgniter\Boot::bootWeb(Object(Config\Paths))
CRITICAL - 2024-10-15 12:59:58 --> CodeIgniter\View\Exceptions\ViewException: Invalid file: "components/about/about_hero-section.php"
[Method: GET, Route: about]
in SYSTEMPATH\Exceptions\FrameworkException.php on line 41.
 1 SYSTEMPATH\View\View.php(222): CodeIgniter\Exceptions\FrameworkException::forInvalidFile('components/about/about_hero-section.php')
 2 SYSTEMPATH\View\View.php(487): CodeIgniter\View\View->render('components/about/about_hero-section', null, true)
 3 APPPATH\Views\aboutPage.php(5): CodeIgniter\View\View->include('components/about/about_hero-section')
 4 SYSTEMPATH\View\View.php(234): include('C:\\xampp\\htdocs\\WST-TX32-A1-BUSTAMANTE\\app\\Views\\aboutPage.php')
 5 SYSTEMPATH\View\View.php(237): CodeIgniter\View\View->CodeIgniter\View\{closure}()
 6 SYSTEMPATH\Common.php(1171): CodeIgniter\View\View->render('aboutPage', [], true)
 7 APPPATH\Controllers\Home.php(19): view('aboutPage')
 8 SYSTEMPATH\CodeIgniter.php(933): App\Controllers\Home->about()
 9 SYSTEMPATH\CodeIgniter.php(509): CodeIgniter\CodeIgniter->runController(Object(App\Controllers\Home))
10 SYSTEMPATH\CodeIgniter.php(355): CodeIgniter\CodeIgniter->handleRequest(null, Object(Config\Cache), false)
11 SYSTEMPATH\Boot.php(325): CodeIgniter\CodeIgniter->run()
12 SYSTEMPATH\Boot.php(67): CodeIgniter\Boot::runCodeIgniter(Object(CodeIgniter\CodeIgniter))
13 FCPATH\index.php(56): CodeIgniter\Boot::bootWeb(Object(Config\Paths))
